# JRE version: Java(TM) SE Runtime Environment (8.0_60-b27) (build 1.8.0_60-b27)
# Java VM: Java HotSpot(TM) 64-Bit Server VM (25.60-b23 mixed mode windows-amd64 compressed oops)
Heap:
 PSYoungGen      total 627200K, used 139074K [0x00000000d6300000, 0x0000000100000000, 0x0000000100000000)
  eden space 569344K, 19% used [0x00000000d6300000,0x00000000dd173368,0x00000000f8f00000)
  from space 57856K, 44% used [0x00000000f8f00000,0x00000000fa85d498,0x00000000fc780000)
  to   space 55808K, 0% used [0x00000000fc980000,0x00000000fc980000,0x0000000100000000)
 ParOldGen       total 121856K, used 67696K [0x0000000082800000, 0x0000000089f00000, 0x00000000d6300000)
  object space 121856K, 55% used [0x0000000082800000,0x0000000086a1c0e8,0x0000000089f00000)
 Metaspace       used 69978K, capacity 70930K, committed 71424K, reserved 1112064K
  class space    used 9132K, capacity 9361K, committed 9472K, reserved 1048576K
GC Heap History (10 events):
Event: 9.770 GC heap before
{Heap before GC invocations=18 (full 2):
 PSYoungGen      total 460288K, used 55115K [0x00000000d6300000, 0x00000000fed00000, 0x0000000100000000)
  eden space 425984K, 6% used [0x00000000d6300000,0x00000000d7c19140,0x00000000f0300000)
  from space 34304K, 85% used [0x00000000f0300000,0x00000000f1fb9d60,0x00000000f2480000)
  to   space 37888K, 0% used [0x00000000fc800000,0x00000000fc800000,0x00000000fed00000)
 ParOldGen       total 119808K, used 51717K [0x0000000082800000, 0x0000000089d00000, 0x00000000d6300000)
  object space 119808K, 43% used [0x0000000082800000,0x0000000085a817a8,0x0000000089d00000)
 Metaspace       used 47847K, capacity 48334K, committed 48640K, reserved 1091584K
  class space    used 6127K, capacity 6246K, committed 6272K, reserved 1048576K
Event: 9.780 GC heap after
Heap after GC invocations=18 (full 2):
 PSYoungGen      total 627200K, used 822K [0x00000000d6300000, 0x0000000100000000, 0x0000000100000000)
  eden space 589312K, 0% used [0x00000000d6300000,0x00000000d6300000,0x00000000fa280000)
  from space 37888K, 2% used [0x00000000fc800000,0x00000000fc8cdab0,0x00000000fed00000)
  to   space 38400K, 0% used [0x00000000fa280000,0x00000000fa280000,0x00000000fc800000)
 ParOldGen       total 119808K, used 70331K [0x0000000082800000, 0x0000000089d00000, 0x00000000d6300000)
  object space 119808K, 58% used [0x0000000082800000,0x0000000086caedc0,0x0000000089d00000)
 Metaspace       used 47847K, capacity 48334K, committed 48640K, reserved 1091584K
  class space    used 6127K, capacity 6246K, committed 6272K, reserved 1048576K
}
Event: 9.780 GC heap before
{Heap before GC invocations=19 (full 3):
 PSYoungGen      total 627200K, used 822K [0x00000000d6300000, 0x0000000100000000, 0x0000000100000000)
  eden space 589312K, 0% used [0x00000000d6300000,0x00000000d6300000,0x00000000fa280000)
  from space 37888K, 2% used [0x00000000fc800000,0x00000000fc8cdab0,0x00000000fed00000)
  to   space 38400K, 0% used [0x00000000fa280000,0x00000000fa280000,0x00000000fc800000)
 ParOldGen       total 119808K, used 70331K [0x0000000082800000, 0x0000000089d00000, 0x00000000d6300000)
  object space 119808K, 58% used [0x0000000082800000,0x0000000086caedc0,0x0000000089d00000)
 Metaspace       used 47847K, capacity 48334K, committed 48640K, reserved 1091584K
  class space    used 6127K, capacity 6246K, committed 6272K, reserved 1048576K
Event: 9.928 GC heap after
Heap after GC invocations=19 (full 3):
 PSYoungGen      total 627200K, used 0K [0x00000000d6300000, 0x0000000100000000, 0x0000000100000000)
  eden space 589312K, 0% used [0x00000000d6300000,0x00000000d6300000,0x00000000fa280000)
  from space 37888K, 0% used [0x00000000fc800000,0x00000000fc800000,0x00000000fed00000)
  to   space 38400K, 0% used [0x00000000fa280000,0x00000000fa280000,0x00000000fc800000)
 ParOldGen       total 121856K, used 34599K [0x0000000082800000, 0x0000000089f00000, 0x00000000d6300000)
  object space 121856K, 28% used [0x0000000082800000,0x00000000849c9db8,0x0000000089f00000)
 Metaspace       used 47847K, capacity 48334K, committed 48640K, reserved 1091584K
  class space    used 6127K, capacity 6246K, committed 6272K, reserved 1048576K
}
Event: 12.970 GC heap before
{Heap before GC invocations=20 (full 3):
 PSYoungGen      total 627200K, used 589312K [0x00000000d6300000, 0x0000000100000000, 0x0000000100000000)
  eden space 589312K, 100% used [0x00000000d6300000,0x00000000fa280000,0x00000000fa280000)
  from space 37888K, 0% used [0x00000000fc800000,0x00000000fc800000,0x00000000fed00000)
  to   space 38400K, 0% used [0x00000000fa280000,0x00000000fa280000,0x00000000fc800000)
 ParOldGen       total 121856K, used 34599K [0x0000000082800000, 0x0000000089f00000, 0x00000000d6300000)
  object space 121856K, 28% used [0x0000000082800000,0x00000000849c9db8,0x0000000089f00000)
 Metaspace       used 58589K, capacity 59372K, committed 59648K, reserved 1101824K
  class space    used 7618K, capacity 7826K, committed 7936K, reserved 1048576K
Event: 12.985 GC heap after
Heap after GC invocations=20 (full 3):
 PSYoungGen      total 627712K, used 25967K [0x00000000d6300000, 0x0000000100000000, 0x0000000100000000)
  eden space 589312K, 0% used [0x00000000d6300000,0x00000000d6300000,0x00000000fa280000)
  from space 38400K, 67% used [0x00000000fa280000,0x00000000fbbdbcc8,0x00000000fc800000)
  to   space 39936K, 0% used [0x00000000fd900000,0x00000000fd900000,0x0000000100000000)
 ParOldGen       total 121856K, used 34607K [0x0000000082800000, 0x0000000089f00000, 0x00000000d6300000)
  object space 121856K, 28% used [0x0000000082800000,0x00000000849cbdb8,0x0000000089f00000)
 Metaspace       used 58589K, capacity 59372K, committed 59648K, reserved 1101824K
  class space    used 7618K, capacity 7826K, committed 7936K, reserved 1048576K
}
Event: 14.574 GC heap before
{Heap before GC invocations=21 (full 3):
 PSYoungGen      total 627712K, used 615279K [0x00000000d6300000, 0x0000000100000000, 0x0000000100000000)
  eden space 589312K, 100% used [0x00000000d6300000,0x00000000fa280000,0x00000000fa280000)
  from space 38400K, 67% used [0x00000000fa280000,0x00000000fbbdbcc8,0x00000000fc800000)
  to   space 39936K, 0% used [0x00000000fd900000,0x00000000fd900000,0x0000000100000000)
 ParOldGen       total 121856K, used 34607K [0x0000000082800000, 0x0000000089f00000, 0x00000000d6300000)
  object space 121856K, 28% used [0x0000000082800000,0x00000000849cbdb8,0x0000000089f00000)
 Metaspace       used 59626K, capacity 60344K, committed 60800K, reserved 1101824K
  class space    used 7753K, capacity 7956K, committed 8064K, reserved 1048576K
Event: 14.611 GC heap after
Heap after GC invocations=21 (full 3):
 PSYoungGen      total 609280K, used 39909K [0x00000000d6300000, 0x0000000100000000, 0x0000000100000000)
  eden space 569344K, 0% used [0x00000000d6300000,0x00000000d6300000,0x00000000f8f00000)
  from space 39936K, 99% used [0x00000000fd900000,0x00000000ffff9438,0x0000000100000000)
  to   space 57856K, 0% used [0x00000000f8f00000,0x00000000f8f00000,0x00000000fc780000)
 ParOldGen       total 121856K, used 65024K [0x0000000082800000, 0x0000000089f00000, 0x00000000d6300000)
  object space 121856K, 53% used [0x0000000082800000,0x0000000086780038,0x0000000089f00000)
 Metaspace       used 59626K, capacity 60344K, committed 60800K, reserved 1101824K
  class space    used 7753K, capacity 7956K, committed 8064K, reserved 1048576K
}
Event: 46.821 GC heap before
{Heap before GC invocations=22 (full 3):
 PSYoungGen      total 609280K, used 609253K [0x00000000d6300000, 0x0000000100000000, 0x0000000100000000)
  eden space 569344K, 100% used [0x00000000d6300000,0x00000000f8f00000,0x00000000f8f00000)
  from space 39936K, 99% used [0x00000000fd900000,0x00000000ffff9438,0x0000000100000000)
  to   space 57856K, 0% used [0x00000000f8f00000,0x00000000f8f00000,0x00000000fc780000)
 ParOldGen       total 121856K, used 65024K [0x0000000082800000, 0x0000000089f00000, 0x00000000d6300000)
  object space 121856K, 53% used [0x0000000082800000,0x0000000086780038,0x0000000089f00000)
 Metaspace       used 68422K, capacity 69320K, committed 69632K, reserved 1110016K
  class space    used 8925K, capacity 9129K, committed 9216K, reserved 1048576K
Event: 46.836 GC heap after
Heap after GC invocations=22 (full 3):
 PSYoungGen      total 627200K, used 25973K [0x00000000d6300000, 0x0000000100000000, 0x0000000100000000)
  eden space 569344K, 0% used [0x00000000d6300000,0x00000000d6300000,0x00000000f8f00000)
  from space 57856K, 44% used [0x00000000f8f00000,0x00000000fa85d498,0x00000000fc780000)
  to   space 55808K, 0% used [0x00000000fc980000,0x00000000fc980000,0x0000000100000000)
 ParOldGen       total 121856K, used 67696K [0x0000000082800000, 0x0000000089f00000, 0x00000000d6300000)
  object space 121856K, 55% used [0x0000000082800000,0x0000000086a1c0e8,0x0000000089f00000)
 Metaspace       used 68422K, capacity 69320K, committed 69632K, reserved 1110016K
  class space    used 8925K, capacity 9129K, committed 9216K, reserved 1048576K
}

